  Game.cpp
c:\users\c00208049\documents\4th year project\square wars\game.cpp(6): warning C4244: 'argument': conversion from 'double' to 'unsigned int', possible loss of data
c:\users\c00208049\documents\4th year project\square wars\game.cpp(9): warning C4244: 'argument': conversion from 'int' to 'T', possible loss of data
          with
          [
              T=float
          ]
c:\users\c00208049\documents\4th year project\square wars\game.cpp(10): warning C4244: 'argument': conversion from 'int' to 'T', possible loss of data
          with
          [
              T=float
          ]
c:\users\c00208049\documents\4th year project\square wars\game.cpp(11): warning C4244: 'argument': conversion from 'double' to 'T', possible loss of data
          with
          [
              T=float
          ]
c:\users\c00208049\documents\4th year project\square wars\game.cpp(40): warning C4244: '-=': conversion from 'double' to 'sf::Int32', possible loss of data
c:\users\c00208049\documents\4th year project\square wars\game.cpp(63): warning C4244: 'argument': conversion from 'double' to 'T', possible loss of data
          with
          [
              T=float
          ]
c:\users\c00208049\documents\4th year project\square wars\game.cpp(64): warning C4244: 'argument': conversion from 'int' to 'T', possible loss of data
          with
          [
              T=float
          ]
c:\users\c00208049\documents\4th year project\square wars\game.cpp(102): warning C4244: 'argument': conversion from 'int' to 'float', possible loss of data
  Main.cpp
  Map.cpp
c:\users\c00208049\documents\4th year project\square wars\map.cpp(22): warning C4244: 'argument': conversion from 'int' to 'T', possible loss of data
          with
          [
              T=float
          ]
c:\users\c00208049\documents\4th year project\square wars\map.cpp(31): warning C4244: '=': conversion from 'int' to 'float', possible loss of data
c:\users\c00208049\documents\4th year project\square wars\map.cpp(57): warning C4244: 'argument': conversion from 'float' to 'T', possible loss of data
          with
          [
              T=int
          ]
c:\users\c00208049\documents\4th year project\square wars\map.cpp(58): warning C4244: 'argument': conversion from 'int' to 'T', possible loss of data
          with
          [
              T=float
          ]
c:\users\c00208049\documents\4th year project\square wars\map.cpp(59): warning C4244: 'argument': conversion from 'int' to 'T', possible loss of data
          with
          [
              T=float
          ]
c:\users\c00208049\documents\4th year project\square wars\map.cpp(63): warning C4244: 'argument': conversion from 'int' to 'T', possible loss of data
          with
          [
              T=float
          ]
c:\users\c00208049\documents\4th year project\square wars\map.cpp(68): warning C4244: 'argument': conversion from 'int' to 'T', possible loss of data
          with
          [
              T=float
          ]
c:\users\c00208049\documents\4th year project\square wars\map.cpp(73): warning C4244: 'argument': conversion from 'int' to 'T', possible loss of data
          with
          [
              T=float
          ]
c:\users\c00208049\documents\4th year project\square wars\map.cpp(78): warning C4244: 'argument': conversion from 'int' to 'T', possible loss of data
          with
          [
              T=float
          ]
c:\users\c00208049\documents\4th year project\square wars\map.cpp(175): warning C4244: 'argument': conversion from 'T' to 'T', possible loss of data
          with
          [
              T=float
          ]
          and
          [
              T=int
          ]
c:\users\c00208049\documents\4th year project\square wars\map.cpp(385): warning C4244: 'argument': conversion from 'T' to 'T', possible loss of data
          with
          [
              T=float
          ]
          and
          [
              T=int
          ]
c:\users\c00208049\documents\4th year project\square wars\map.cpp(396): warning C4244: 'argument': conversion from 'float' to 'T', possible loss of data
          with
          [
              T=int
          ]
c:\users\c00208049\documents\4th year project\square wars\map.cpp(396): warning C4244: 'argument': conversion from 'T' to 'T', possible loss of data
          with
          [
              T=float
          ]
          and
          [
              T=int
          ]
  Generating Code...
  Square Wars.vcxproj -> C:\Users\c00208049\Documents\4th Year Project\Square Wars\Debug\Square Wars.exe
